2018/03/11 00:59:34 [error] [exception.Error] Error: Call to undefined function model() in C:\xampp\htdocs\servicio\framework\base\CComponent.php(606) : eval()'d code:1
Stack trace:
#0 C:\xampp\htdocs\servicio\framework\base\CComponent.php(606): eval()
#1 C:\xampp\htdocs\servicio\framework\zii\widgets\grid\CDataColumn.php(131): CComponent->evaluateExpression('Relacion::model...', Array)
#2 C:\xampp\htdocs\servicio\framework\zii\widgets\grid\CGridColumn.php(144): CDataColumn->renderDataCellContent(0, Object(Visita))
#3 C:\xampp\htdocs\servicio\framework\zii\widgets\grid\CGridView.php(589): CGridColumn->renderDataCell(0)
#4 C:\xampp\htdocs\servicio\framework\zii\widgets\grid\CGridView.php(545): CGridView->renderTableRow(0)
#5 C:\xampp\htdocs\servicio\framework\zii\widgets\grid\CGridView.php(455): CGridView->renderTableBody()
#6 C:\xampp\htdocs\servicio\framework\zii\widgets\CBaseListView.php(160): CGridView->renderItems()
#7 [internal function]: CBaseListView->renderSection(Array)
#8 C:\xampp\htdocs\servicio\framework\zii\widgets\CBaseListView.php(143): preg_replace_callback('/{(\\w+)}/', Array, '{summary}\n{item...')
#9 C:\xampp\htdocs\servicio\framework\zii\widgets\CBaseListView.php(128): CBaseListView->renderContent()
#10 C:\xampp\htdocs\servicio\framework\web\CBaseController.php(173): CBaseListView->run()
#11 C:\xampp\htdocs\servicio\Servicio-master\protected\views\visita\admin.php(28): CBaseController->widget('zii.widgets.gri...', Array)
#12 C:\xampp\htdocs\servicio\framework\web\CBaseController.php(126): require('C:\\xampp\\htdocs...')
#13 C:\xampp\htdocs\servicio\framework\web\CBaseController.php(95): CBaseController->renderInternal('C:\\xampp\\htdocs...', Array, true)
#14 C:\xampp\htdocs\servicio\framework\web\CController.php(869): CBaseController->renderFile('C:\\xampp\\htdocs...', Array, true)
#15 C:\xampp\htdocs\servicio\framework\web\CController.php(782): CController->renderPartial('admin', Array, true)
#16 C:\xampp\htdocs\servicio\Servicio-master\protected\controllers\VisitaController.php(109): CController->render('admin', Array)
#17 C:\xampp\htdocs\servicio\framework\web\actions\CInlineAction.php(49): VisitaController->actionAdmin()
#18 C:\xampp\htdocs\servicio\framework\web\CController.php(308): CInlineAction->runWithParams(Array)
#19 C:\xampp\htdocs\servicio\framework\web\filters\CFilterChain.php(133): CController->runAction(Object(CInlineAction))
#20 C:\xampp\htdocs\servicio\framework\web\filters\CFilter.php(40): CFilterChain->run()
#21 C:\xampp\htdocs\servicio\framework\web\CController.php(1145): CFilter->filter(Object(CFilterChain))
#22 C:\xampp\htdocs\servicio\framework\web\filters\CInlineFilter.php(58): CController->filterAccessControl(Object(CFilterChain))
#23 C:\xampp\htdocs\servicio\framework\web\filters\CFilterChain.php(130): CInlineFilter->filter(Object(CFilterChain))
#24 C:\xampp\htdocs\servicio\framework\web\CController.php(291): CFilterChain->run()
#25 C:\xampp\htdocs\servicio\framework\web\CController.php(265): CController->runActionWithFilters(Object(CInlineAction), Array)
#26 C:\xampp\htdocs\servicio\framework\web\CWebApplication.php(282): CController->run('admin')
#27 C:\xampp\htdocs\servicio\framework\web\CWebApplication.php(141): CWebApplication->runController('Visita/admin')
#28 C:\xampp\htdocs\servicio\framework\base\CApplication.php(169): CWebApplication->processRequest()
#29 C:\xampp\htdocs\servicio\Servicio-master\index.php(13): CApplication->run()
#30 {main}
REQUEST_URI=/servicio/Servicio-master/Visita/admin.html
HTTP_REFERER=http://localhost/servicio/Servicio-master/
---
2018/03/11 06:14:15 [error] [exception.ParseError] ParseError: syntax error, unexpected '' (T_ENCAPSED_AND_WHITESPACE), expecting '-' or identifier (T_STRING) or variable (T_VARIABLE) or number (T_NUM_STRING) in C:\xampp\htdocs\servicio\Servicio-master\protected\views\visita\admin.php:41
Stack trace:
#0 C:\xampp\htdocs\servicio\framework\web\CBaseController.php(95): CBaseController->renderInternal('C:\\xampp\\htdocs...', Array, true)
#1 C:\xampp\htdocs\servicio\framework\web\CController.php(869): CBaseController->renderFile('C:\\xampp\\htdocs...', Array, true)
#2 C:\xampp\htdocs\servicio\framework\web\CController.php(782): CController->renderPartial('admin', Array, true)
#3 C:\xampp\htdocs\servicio\Servicio-master\protected\controllers\VisitaController.php(109): CController->render('admin', Array)
#4 C:\xampp\htdocs\servicio\framework\web\actions\CInlineAction.php(49): VisitaController->actionAdmin()
#5 C:\xampp\htdocs\servicio\framework\web\CController.php(308): CInlineAction->runWithParams(Array)
#6 C:\xampp\htdocs\servicio\framework\web\filters\CFilterChain.php(133): CController->runAction(Object(CInlineAction))
#7 C:\xampp\htdocs\servicio\framework\web\filters\CFilter.php(40): CFilterChain->run()
#8 C:\xampp\htdocs\servicio\framework\web\CController.php(1145): CFilter->filter(Object(CFilterChain))
#9 C:\xampp\htdocs\servicio\framework\web\filters\CInlineFilter.php(58): CController->filterAccessControl(Object(CFilterChain))
#10 C:\xampp\htdocs\servicio\framework\web\filters\CFilterChain.php(130): CInlineFilter->filter(Object(CFilterChain))
#11 C:\xampp\htdocs\servicio\framework\web\CController.php(291): CFilterChain->run()
#12 C:\xampp\htdocs\servicio\framework\web\CController.php(265): CController->runActionWithFilters(Object(CInlineAction), Array)
#13 C:\xampp\htdocs\servicio\framework\web\CWebApplication.php(282): CController->run('admin')
#14 C:\xampp\htdocs\servicio\framework\web\CWebApplication.php(141): CWebApplication->runController('Visita/admin')
#15 C:\xampp\htdocs\servicio\framework\base\CApplication.php(169): CWebApplication->processRequest()
#16 C:\xampp\htdocs\servicio\Servicio-master\index.php(13): CApplication->run()
#17 {main}
REQUEST_URI=/servicio/Servicio-master/Visita/admin.html
HTTP_REFERER=http://localhost/servicio/Servicio-master/
---
2018/03/11 02:05:01 [error] [php] Undefined variable: data (C:\xampp\htdocs\servicio\Servicio-master\protected\views\visita\admin.php:41)
Stack trace:
#0 C:\xampp\htdocs\servicio\framework\web\CController.php(869): VisitaController->renderFile()
#1 C:\xampp\htdocs\servicio\framework\web\CController.php(782): VisitaController->renderPartial()
#2 C:\xampp\htdocs\servicio\Servicio-master\protected\controllers\VisitaController.php(109): VisitaController->render()
#3 C:\xampp\htdocs\servicio\framework\web\actions\CInlineAction.php(49): VisitaController->actionAdmin()
#4 C:\xampp\htdocs\servicio\framework\web\CController.php(308): CInlineAction->runWithParams()
#5 C:\xampp\htdocs\servicio\framework\web\filters\CFilterChain.php(133): VisitaController->runAction()
#6 C:\xampp\htdocs\servicio\framework\web\filters\CFilter.php(40): CFilterChain->run()
#7 C:\xampp\htdocs\servicio\framework\web\CController.php(1145): CAccessControlFilter->filter()
#8 C:\xampp\htdocs\servicio\framework\web\filters\CInlineFilter.php(58): VisitaController->filterAccessControl()
#9 C:\xampp\htdocs\servicio\framework\web\filters\CFilterChain.php(130): CInlineFilter->filter()
#10 C:\xampp\htdocs\servicio\framework\web\CController.php(291): CFilterChain->run()
#11 C:\xampp\htdocs\servicio\framework\web\CController.php(265): VisitaController->runActionWithFilters()
#12 C:\xampp\htdocs\servicio\framework\web\CWebApplication.php(282): VisitaController->run()
#13 C:\xampp\htdocs\servicio\framework\web\CWebApplication.php(141): CWebApplication->runController()
#14 C:\xampp\htdocs\servicio\framework\base\CApplication.php(169): CWebApplication->processRequest()
#15 C:\xampp\htdocs\servicio\Servicio-master\index.php(13): CWebApplication->run()
REQUEST_URI=/servicio/Servicio-master/Visita/admin.html
in C:\xampp\htdocs\servicio\Servicio-master\protected\views\visita\admin.php (41)
in C:\xampp\htdocs\servicio\Servicio-master\protected\controllers\VisitaController.php (109)
in C:\xampp\htdocs\servicio\Servicio-master\index.php (13)
2018/03/11 07:08:16 [error] [exception.ParseError] ParseError: syntax error, unexpected 'echo' (T_ECHO), expecting ';' in C:\xampp\htdocs\servicio\Servicio-master\protected\models\Visita.php:155
Stack trace:
#0 [internal function]: YiiBase::autoload('Visita')
#1 C:\xampp\htdocs\servicio\Servicio-master\protected\controllers\VisitaController.php(47): spl_autoload_call('Visita')
#2 C:\xampp\htdocs\servicio\framework\web\actions\CInlineAction.php(49): VisitaController->actionAdmin()
#3 C:\xampp\htdocs\servicio\framework\web\CController.php(308): CInlineAction->runWithParams(Array)
#4 C:\xampp\htdocs\servicio\framework\web\filters\CFilterChain.php(133): CController->runAction(Object(CInlineAction))
#5 C:\xampp\htdocs\servicio\framework\web\filters\CFilter.php(40): CFilterChain->run()
#6 C:\xampp\htdocs\servicio\framework\web\CController.php(1145): CFilter->filter(Object(CFilterChain))
#7 C:\xampp\htdocs\servicio\framework\web\filters\CInlineFilter.php(58): CController->filterAccessControl(Object(CFilterChain))
#8 C:\xampp\htdocs\servicio\framework\web\filters\CFilterChain.php(130): CInlineFilter->filter(Object(CFilterChain))
#9 C:\xampp\htdocs\servicio\framework\web\CController.php(291): CFilterChain->run()
#10 C:\xampp\htdocs\servicio\framework\web\CController.php(265): CController->runActionWithFilters(Object(CInlineAction), Array)
#11 C:\xampp\htdocs\servicio\framework\web\CWebApplication.php(282): CController->run('admin')
#12 C:\xampp\htdocs\servicio\framework\web\CWebApplication.php(141): CWebApplication->runController('Visita/admin')
#13 C:\xampp\htdocs\servicio\framework\base\CApplication.php(169): CWebApplication->processRequest()
#14 C:\xampp\htdocs\servicio\Servicio-master\index.php(13): CApplication->run()
#15 {main}
REQUEST_URI=/servicio/Servicio-master/Visita/admin.html
HTTP_REFERER=http://localhost/servicio/Servicio-master/
---
2018/03/11 02:18:51 [error] [php] Undefined variable: data (C:\xampp\htdocs\servicio\Servicio-master\protected\views\visita\admin.php:41)
Stack trace:
#0 C:\xampp\htdocs\servicio\framework\web\CController.php(869): VisitaController->renderFile()
#1 C:\xampp\htdocs\servicio\framework\web\CController.php(782): VisitaController->renderPartial()
#2 C:\xampp\htdocs\servicio\Servicio-master\protected\controllers\VisitaController.php(109): VisitaController->render()
#3 C:\xampp\htdocs\servicio\framework\web\actions\CInlineAction.php(49): VisitaController->actionAdmin()
#4 C:\xampp\htdocs\servicio\framework\web\CController.php(308): CInlineAction->runWithParams()
#5 C:\xampp\htdocs\servicio\framework\web\filters\CFilterChain.php(133): VisitaController->runAction()
#6 C:\xampp\htdocs\servicio\framework\web\filters\CFilter.php(40): CFilterChain->run()
#7 C:\xampp\htdocs\servicio\framework\web\CController.php(1145): CAccessControlFilter->filter()
#8 C:\xampp\htdocs\servicio\framework\web\filters\CInlineFilter.php(58): VisitaController->filterAccessControl()
#9 C:\xampp\htdocs\servicio\framework\web\filters\CFilterChain.php(130): CInlineFilter->filter()
#10 C:\xampp\htdocs\servicio\framework\web\CController.php(291): CFilterChain->run()
#11 C:\xampp\htdocs\servicio\framework\web\CController.php(265): VisitaController->runActionWithFilters()
#12 C:\xampp\htdocs\servicio\framework\web\CWebApplication.php(282): VisitaController->run()
#13 C:\xampp\htdocs\servicio\framework\web\CWebApplication.php(141): CWebApplication->runController()
#14 C:\xampp\htdocs\servicio\framework\base\CApplication.php(169): CWebApplication->processRequest()
#15 C:\xampp\htdocs\servicio\Servicio-master\index.php(13): CWebApplication->run()
REQUEST_URI=/servicio/Servicio-master/Visita/admin.html
in C:\xampp\htdocs\servicio\Servicio-master\protected\views\visita\admin.php (41)
in C:\xampp\htdocs\servicio\Servicio-master\protected\controllers\VisitaController.php (109)
in C:\xampp\htdocs\servicio\Servicio-master\index.php (13)
2018/03/11 02:47:43 [error] [php] Object of class Relacion could not be converted to string (C:\xampp\htdocs\servicio\framework\zii\widgets\grid\CDataColumn.php:134)
Stack trace:
#0 C:\xampp\htdocs\servicio\framework\zii\widgets\grid\CGridView.php(545): CGridView->renderTableRow()
#1 C:\xampp\htdocs\servicio\framework\zii\widgets\grid\CGridView.php(455): CGridView->renderTableBody()
#2 C:\xampp\htdocs\servicio\framework\zii\widgets\CBaseListView.php(160): CGridView->renderItems()
#3 unknown(0): CGridView->renderSection()
#4 C:\xampp\htdocs\servicio\framework\zii\widgets\CBaseListView.php(143): preg_replace_callback()
#5 C:\xampp\htdocs\servicio\framework\zii\widgets\CBaseListView.php(128): CGridView->renderContent()
#6 C:\xampp\htdocs\servicio\framework\web\CBaseController.php(173): CGridView->run()
#7 C:\xampp\htdocs\servicio\Servicio-master\protected\views\visita\admin.php(28): VisitaController->widget()
#8 C:\xampp\htdocs\servicio\framework\web\CBaseController.php(126): require()
#9 C:\xampp\htdocs\servicio\framework\web\CBaseController.php(95): VisitaController->renderInternal()
#10 C:\xampp\htdocs\servicio\framework\web\CController.php(869): VisitaController->renderFile()
#11 C:\xampp\htdocs\servicio\framework\web\CController.php(782): VisitaController->renderPartial()
#12 C:\xampp\htdocs\servicio\Servicio-master\protected\controllers\VisitaController.php(109): VisitaController->render()
#13 C:\xampp\htdocs\servicio\framework\web\actions\CInlineAction.php(49): VisitaController->actionAdmin()
#14 C:\xampp\htdocs\servicio\framework\web\CController.php(308): CInlineAction->runWithParams()
#15 C:\xampp\htdocs\servicio\framework\web\filters\CFilterChain.php(133): VisitaController->runAction()
#16 C:\xampp\htdocs\servicio\framework\web\filters\CFilter.php(40): CFilterChain->run()
#17 C:\xampp\htdocs\servicio\framework\web\CController.php(1145): CAccessControlFilter->filter()
#18 C:\xampp\htdocs\servicio\framework\web\filters\CInlineFilter.php(58): VisitaController->filterAccessControl()
#19 C:\xampp\htdocs\servicio\framework\web\filters\CFilterChain.php(130): CInlineFilter->filter()
#20 C:\xampp\htdocs\servicio\framework\web\CController.php(291): CFilterChain->run()
#21 C:\xampp\htdocs\servicio\framework\web\CController.php(265): VisitaController->runActionWithFilters()
#22 C:\xampp\htdocs\servicio\framework\web\CWebApplication.php(282): VisitaController->run()
#23 C:\xampp\htdocs\servicio\framework\web\CWebApplication.php(141): CWebApplication->runController()
#24 C:\xampp\htdocs\servicio\framework\base\CApplication.php(169): CWebApplication->processRequest()
#25 C:\xampp\htdocs\servicio\Servicio-master\index.php(13): CWebApplication->run()
REQUEST_URI=/servicio/Servicio-master/Visita/admin.html
in C:\xampp\htdocs\servicio\Servicio-master\protected\views\visita\admin.php (28)
in C:\xampp\htdocs\servicio\Servicio-master\protected\controllers\VisitaController.php (109)
in C:\xampp\htdocs\servicio\Servicio-master\index.php (13)
2018/03/11 02:48:31 [error] [php] Undefined variable: data (C:\xampp\htdocs\servicio\Servicio-master\protected\views\visita\admin.php:41)
Stack trace:
#0 C:\xampp\htdocs\servicio\framework\web\CController.php(869): VisitaController->renderFile()
#1 C:\xampp\htdocs\servicio\framework\web\CController.php(782): VisitaController->renderPartial()
#2 C:\xampp\htdocs\servicio\Servicio-master\protected\controllers\VisitaController.php(109): VisitaController->render()
#3 C:\xampp\htdocs\servicio\framework\web\actions\CInlineAction.php(49): VisitaController->actionAdmin()
#4 C:\xampp\htdocs\servicio\framework\web\CController.php(308): CInlineAction->runWithParams()
#5 C:\xampp\htdocs\servicio\framework\web\filters\CFilterChain.php(133): VisitaController->runAction()
#6 C:\xampp\htdocs\servicio\framework\web\filters\CFilter.php(40): CFilterChain->run()
#7 C:\xampp\htdocs\servicio\framework\web\CController.php(1145): CAccessControlFilter->filter()
#8 C:\xampp\htdocs\servicio\framework\web\filters\CInlineFilter.php(58): VisitaController->filterAccessControl()
#9 C:\xampp\htdocs\servicio\framework\web\filters\CFilterChain.php(130): CInlineFilter->filter()
#10 C:\xampp\htdocs\servicio\framework\web\CController.php(291): CFilterChain->run()
#11 C:\xampp\htdocs\servicio\framework\web\CController.php(265): VisitaController->runActionWithFilters()
#12 C:\xampp\htdocs\servicio\framework\web\CWebApplication.php(282): VisitaController->run()
#13 C:\xampp\htdocs\servicio\framework\web\CWebApplication.php(141): CWebApplication->runController()
#14 C:\xampp\htdocs\servicio\framework\base\CApplication.php(169): CWebApplication->processRequest()
#15 C:\xampp\htdocs\servicio\Servicio-master\index.php(13): CWebApplication->run()
REQUEST_URI=/servicio/Servicio-master/Visita/admin.html
in C:\xampp\htdocs\servicio\Servicio-master\protected\views\visita\admin.php (41)
in C:\xampp\htdocs\servicio\Servicio-master\protected\controllers\VisitaController.php (109)
in C:\xampp\htdocs\servicio\Servicio-master\index.php (13)
2018/03/11 02:52:58 [error] [php] Object of class Relacion could not be converted to string (C:\xampp\htdocs\servicio\framework\zii\widgets\grid\CDataColumn.php:134)
Stack trace:
#0 C:\xampp\htdocs\servicio\framework\zii\widgets\grid\CGridView.php(545): CGridView->renderTableRow()
#1 C:\xampp\htdocs\servicio\framework\zii\widgets\grid\CGridView.php(455): CGridView->renderTableBody()
#2 C:\xampp\htdocs\servicio\framework\zii\widgets\CBaseListView.php(160): CGridView->renderItems()
#3 unknown(0): CGridView->renderSection()
#4 C:\xampp\htdocs\servicio\framework\zii\widgets\CBaseListView.php(143): preg_replace_callback()
#5 C:\xampp\htdocs\servicio\framework\zii\widgets\CBaseListView.php(128): CGridView->renderContent()
#6 C:\xampp\htdocs\servicio\framework\web\CBaseController.php(173): CGridView->run()
#7 C:\xampp\htdocs\servicio\Servicio-master\protected\views\visita\admin.php(28): VisitaController->widget()
#8 C:\xampp\htdocs\servicio\framework\web\CBaseController.php(126): require()
#9 C:\xampp\htdocs\servicio\framework\web\CBaseController.php(95): VisitaController->renderInternal()
#10 C:\xampp\htdocs\servicio\framework\web\CController.php(869): VisitaController->renderFile()
#11 C:\xampp\htdocs\servicio\framework\web\CController.php(782): VisitaController->renderPartial()
#12 C:\xampp\htdocs\servicio\Servicio-master\protected\controllers\VisitaController.php(109): VisitaController->render()
#13 C:\xampp\htdocs\servicio\framework\web\actions\CInlineAction.php(49): VisitaController->actionAdmin()
#14 C:\xampp\htdocs\servicio\framework\web\CController.php(308): CInlineAction->runWithParams()
#15 C:\xampp\htdocs\servicio\framework\web\filters\CFilterChain.php(133): VisitaController->runAction()
#16 C:\xampp\htdocs\servicio\framework\web\filters\CFilter.php(40): CFilterChain->run()
#17 C:\xampp\htdocs\servicio\framework\web\CController.php(1145): CAccessControlFilter->filter()
#18 C:\xampp\htdocs\servicio\framework\web\filters\CInlineFilter.php(58): VisitaController->filterAccessControl()
#19 C:\xampp\htdocs\servicio\framework\web\filters\CFilterChain.php(130): CInlineFilter->filter()
#20 C:\xampp\htdocs\servicio\framework\web\CController.php(291): CFilterChain->run()
#21 C:\xampp\htdocs\servicio\framework\web\CController.php(265): VisitaController->runActionWithFilters()
#22 C:\xampp\htdocs\servicio\framework\web\CWebApplication.php(282): VisitaController->run()
#23 C:\xampp\htdocs\servicio\framework\web\CWebApplication.php(141): CWebApplication->runController()
#24 C:\xampp\htdocs\servicio\framework\base\CApplication.php(169): CWebApplication->processRequest()
#25 C:\xampp\htdocs\servicio\Servicio-master\index.php(13): CWebApplication->run()
REQUEST_URI=/servicio/Servicio-master/Visita/admin.html
in C:\xampp\htdocs\servicio\Servicio-master\protected\views\visita\admin.php (28)
in C:\xampp\htdocs\servicio\Servicio-master\protected\controllers\VisitaController.php (109)
in C:\xampp\htdocs\servicio\Servicio-master\index.php (13)
2018/03/11 02:57:01 [error] [php] Object of class Relacion could not be converted to string (C:\xampp\htdocs\servicio\framework\zii\widgets\grid\CDataColumn.php:134)
Stack trace:
#0 C:\xampp\htdocs\servicio\framework\zii\widgets\grid\CGridView.php(545): CGridView->renderTableRow()
#1 C:\xampp\htdocs\servicio\framework\zii\widgets\grid\CGridView.php(455): CGridView->renderTableBody()
#2 C:\xampp\htdocs\servicio\framework\zii\widgets\CBaseListView.php(160): CGridView->renderItems()
#3 unknown(0): CGridView->renderSection()
#4 C:\xampp\htdocs\servicio\framework\zii\widgets\CBaseListView.php(143): preg_replace_callback()
#5 C:\xampp\htdocs\servicio\framework\zii\widgets\CBaseListView.php(128): CGridView->renderContent()
#6 C:\xampp\htdocs\servicio\framework\web\CBaseController.php(173): CGridView->run()
#7 C:\xampp\htdocs\servicio\Servicio-master\protected\views\visita\admin.php(28): VisitaController->widget()
#8 C:\xampp\htdocs\servicio\framework\web\CBaseController.php(126): require()
#9 C:\xampp\htdocs\servicio\framework\web\CBaseController.php(95): VisitaController->renderInternal()
#10 C:\xampp\htdocs\servicio\framework\web\CController.php(869): VisitaController->renderFile()
#11 C:\xampp\htdocs\servicio\framework\web\CController.php(782): VisitaController->renderPartial()
#12 C:\xampp\htdocs\servicio\Servicio-master\protected\controllers\VisitaController.php(109): VisitaController->render()
#13 C:\xampp\htdocs\servicio\framework\web\actions\CInlineAction.php(49): VisitaController->actionAdmin()
#14 C:\xampp\htdocs\servicio\framework\web\CController.php(308): CInlineAction->runWithParams()
#15 C:\xampp\htdocs\servicio\framework\web\filters\CFilterChain.php(133): VisitaController->runAction()
#16 C:\xampp\htdocs\servicio\framework\web\filters\CFilter.php(40): CFilterChain->run()
#17 C:\xampp\htdocs\servicio\framework\web\CController.php(1145): CAccessControlFilter->filter()
#18 C:\xampp\htdocs\servicio\framework\web\filters\CInlineFilter.php(58): VisitaController->filterAccessControl()
#19 C:\xampp\htdocs\servicio\framework\web\filters\CFilterChain.php(130): CInlineFilter->filter()
#20 C:\xampp\htdocs\servicio\framework\web\CController.php(291): CFilterChain->run()
#21 C:\xampp\htdocs\servicio\framework\web\CController.php(265): VisitaController->runActionWithFilters()
#22 C:\xampp\htdocs\servicio\framework\web\CWebApplication.php(282): VisitaController->run()
#23 C:\xampp\htdocs\servicio\framework\web\CWebApplication.php(141): CWebApplication->runController()
#24 C:\xampp\htdocs\servicio\framework\base\CApplication.php(169): CWebApplication->processRequest()
#25 C:\xampp\htdocs\servicio\Servicio-master\index.php(13): CWebApplication->run()
REQUEST_URI=/servicio/Servicio-master/Visita/admin.html
in C:\xampp\htdocs\servicio\Servicio-master\protected\views\visita\admin.php (28)
in C:\xampp\htdocs\servicio\Servicio-master\protected\controllers\VisitaController.php (109)
in C:\xampp\htdocs\servicio\Servicio-master\index.php (13)
2018/03/11 02:57:36 [error] [php] htmlspecialchars() expects parameter 1 to be string, object given (C:\xampp\htdocs\servicio\framework\web\helpers\CHtml.php:98)
Stack trace:
#0 C:\xampp\htdocs\servicio\framework\web\CBaseController.php(126): require()
#1 C:\xampp\htdocs\servicio\framework\web\CBaseController.php(95): VisitaController->renderInternal()
#2 C:\xampp\htdocs\servicio\framework\web\CController.php(869): VisitaController->renderFile()
#3 C:\xampp\htdocs\servicio\framework\web\CController.php(782): VisitaController->renderPartial()
#4 C:\xampp\htdocs\servicio\Servicio-master\protected\controllers\VisitaController.php(109): VisitaController->render()
#5 C:\xampp\htdocs\servicio\framework\web\actions\CInlineAction.php(49): VisitaController->actionAdmin()
#6 C:\xampp\htdocs\servicio\framework\web\CController.php(308): CInlineAction->runWithParams()
#7 C:\xampp\htdocs\servicio\framework\web\filters\CFilterChain.php(133): VisitaController->runAction()
#8 C:\xampp\htdocs\servicio\framework\web\filters\CFilter.php(40): CFilterChain->run()
#9 C:\xampp\htdocs\servicio\framework\web\CController.php(1145): CAccessControlFilter->filter()
#10 C:\xampp\htdocs\servicio\framework\web\filters\CInlineFilter.php(58): VisitaController->filterAccessControl()
#11 C:\xampp\htdocs\servicio\framework\web\filters\CFilterChain.php(130): CInlineFilter->filter()
#12 C:\xampp\htdocs\servicio\framework\web\CController.php(291): CFilterChain->run()
#13 C:\xampp\htdocs\servicio\framework\web\CController.php(265): VisitaController->runActionWithFilters()
#14 C:\xampp\htdocs\servicio\framework\web\CWebApplication.php(282): VisitaController->run()
#15 C:\xampp\htdocs\servicio\framework\web\CWebApplication.php(141): CWebApplication->runController()
#16 C:\xampp\htdocs\servicio\framework\base\CApplication.php(169): CWebApplication->processRequest()
#17 C:\xampp\htdocs\servicio\Servicio-master\index.php(13): CWebApplication->run()
REQUEST_URI=/servicio/Servicio-master/Visita/admin.html
in C:\xampp\htdocs\servicio\Servicio-master\protected\views\visita\admin.php (47)
in C:\xampp\htdocs\servicio\Servicio-master\protected\controllers\VisitaController.php (109)
in C:\xampp\htdocs\servicio\Servicio-master\index.php (13)
2018/03/11 03:13:35 [error] [php] Object of class Relacion could not be converted to string (C:\xampp\htdocs\servicio\framework\zii\widgets\grid\CDataColumn.php:134)
Stack trace:
#0 C:\xampp\htdocs\servicio\framework\zii\widgets\grid\CGridView.php(545): CGridView->renderTableRow()
#1 C:\xampp\htdocs\servicio\framework\zii\widgets\grid\CGridView.php(455): CGridView->renderTableBody()
#2 C:\xampp\htdocs\servicio\framework\zii\widgets\CBaseListView.php(160): CGridView->renderItems()
#3 unknown(0): CGridView->renderSection()
#4 C:\xampp\htdocs\servicio\framework\zii\widgets\CBaseListView.php(143): preg_replace_callback()
#5 C:\xampp\htdocs\servicio\framework\zii\widgets\CBaseListView.php(128): CGridView->renderContent()
#6 C:\xampp\htdocs\servicio\framework\web\CBaseController.php(173): CGridView->run()
#7 C:\xampp\htdocs\servicio\Servicio-master\protected\views\visita\admin.php(28): VisitaController->widget()
#8 C:\xampp\htdocs\servicio\framework\web\CBaseController.php(126): require()
#9 C:\xampp\htdocs\servicio\framework\web\CBaseController.php(95): VisitaController->renderInternal()
#10 C:\xampp\htdocs\servicio\framework\web\CController.php(869): VisitaController->renderFile()
#11 C:\xampp\htdocs\servicio\framework\web\CController.php(782): VisitaController->renderPartial()
#12 C:\xampp\htdocs\servicio\Servicio-master\protected\controllers\VisitaController.php(109): VisitaController->render()
#13 C:\xampp\htdocs\servicio\framework\web\actions\CInlineAction.php(49): VisitaController->actionAdmin()
#14 C:\xampp\htdocs\servicio\framework\web\CController.php(308): CInlineAction->runWithParams()
#15 C:\xampp\htdocs\servicio\framework\web\filters\CFilterChain.php(133): VisitaController->runAction()
#16 C:\xampp\htdocs\servicio\framework\web\filters\CFilter.php(40): CFilterChain->run()
#17 C:\xampp\htdocs\servicio\framework\web\CController.php(1145): CAccessControlFilter->filter()
#18 C:\xampp\htdocs\servicio\framework\web\filters\CInlineFilter.php(58): VisitaController->filterAccessControl()
#19 C:\xampp\htdocs\servicio\framework\web\filters\CFilterChain.php(130): CInlineFilter->filter()
#20 C:\xampp\htdocs\servicio\framework\web\CController.php(291): CFilterChain->run()
#21 C:\xampp\htdocs\servicio\framework\web\CController.php(265): VisitaController->runActionWithFilters()
#22 C:\xampp\htdocs\servicio\framework\web\CWebApplication.php(282): VisitaController->run()
#23 C:\xampp\htdocs\servicio\framework\web\CWebApplication.php(141): CWebApplication->runController()
#24 C:\xampp\htdocs\servicio\framework\base\CApplication.php(169): CWebApplication->processRequest()
#25 C:\xampp\htdocs\servicio\Servicio-master\index.php(13): CWebApplication->run()
REQUEST_URI=/servicio/Servicio-master/Visita.html
in C:\xampp\htdocs\servicio\Servicio-master\protected\views\visita\admin.php (28)
in C:\xampp\htdocs\servicio\Servicio-master\protected\controllers\VisitaController.php (109)
in C:\xampp\htdocs\servicio\Servicio-master\index.php (13)
2018/03/11 03:18:39 [error] [exception.CException] CException: Propiedad "Visita"."fkRol" no se encuentra definida. in C:\xampp\htdocs\servicio\framework\base\CComponent.php:130
Stack trace:
#0 C:\xampp\htdocs\servicio\framework\db\ar\CActiveRecord.php(143): CComponent->__get('fkRol')
#1 C:\xampp\htdocs\servicio\framework\db\ar\CActiveFinder.php(628): CActiveRecord->__get('fkRol')
#2 C:\xampp\htdocs\servicio\framework\db\ar\CActiveFinder.php(482): CJoinElement->applyLazyCondition(Object(CJoinQuery), Object(Visita))
#3 C:\xampp\htdocs\servicio\framework\db\ar\CActiveFinder.php(163): CJoinElement->lazyFind(Object(Visita))
#4 C:\xampp\htdocs\servicio\framework\db\ar\CActiveRecord.php(272): CActiveFinder->lazyFind(Object(Visita))
#5 C:\xampp\htdocs\servicio\framework\db\ar\CActiveRecord.php(141): CActiveRecord->getRelated('fkRol0')
#6 C:\xampp\htdocs\servicio\framework\base\CComponent.php(606) : eval()'d code(1): CActiveRecord->__get('fkRol0')
#7 C:\xampp\htdocs\servicio\framework\base\CComponent.php(606): eval()
#8 C:\xampp\htdocs\servicio\framework\zii\widgets\grid\CDataColumn.php(131): CComponent->evaluateExpression('$data->fkRol0->...', Array)
#9 C:\xampp\htdocs\servicio\framework\zii\widgets\grid\CGridColumn.php(144): CDataColumn->renderDataCellContent(0, Object(Visita))
#10 C:\xampp\htdocs\servicio\framework\zii\widgets\grid\CGridView.php(589): CGridColumn->renderDataCell(0)
#11 C:\xampp\htdocs\servicio\framework\zii\widgets\grid\CGridView.php(545): CGridView->renderTableRow(0)
#12 C:\xampp\htdocs\servicio\framework\zii\widgets\grid\CGridView.php(455): CGridView->renderTableBody()
#13 C:\xampp\htdocs\servicio\framework\zii\widgets\CBaseListView.php(160): CGridView->renderItems()
#14 [internal function]: CBaseListView->renderSection(Array)
#15 C:\xampp\htdocs\servicio\framework\zii\widgets\CBaseListView.php(143): preg_replace_callback('/{(\\w+)}/', Array, '{summary}\n{item...')
#16 C:\xampp\htdocs\servicio\framework\zii\widgets\CBaseListView.php(128): CBaseListView->renderContent()
#17 C:\xampp\htdocs\servicio\framework\web\CBaseController.php(173): CBaseListView->run()
#18 C:\xampp\htdocs\servicio\Servicio-master\protected\views\visita\admin.php(28): CBaseController->widget('zii.widgets.gri...', Array)
#19 C:\xampp\htdocs\servicio\framework\web\CBaseController.php(126): require('C:\\xampp\\htdocs...')
#20 C:\xampp\htdocs\servicio\framework\web\CBaseController.php(95): CBaseController->renderInternal('C:\\xampp\\htdocs...', Array, true)
#21 C:\xampp\htdocs\servicio\framework\web\CController.php(869): CBaseController->renderFile('C:\\xampp\\htdocs...', Array, true)
#22 C:\xampp\htdocs\servicio\framework\web\CController.php(782): CController->renderPartial('admin', Array, true)
#23 C:\xampp\htdocs\servicio\Servicio-master\protected\controllers\VisitaController.php(109): CController->render('admin', Array)
#24 C:\xampp\htdocs\servicio\framework\web\actions\CInlineAction.php(49): VisitaController->actionAdmin()
#25 C:\xampp\htdocs\servicio\framework\web\CController.php(308): CInlineAction->runWithParams(Array)
#26 C:\xampp\htdocs\servicio\framework\web\filters\CFilterChain.php(133): CController->runAction(Object(CInlineAction))
#27 C:\xampp\htdocs\servicio\framework\web\filters\CFilter.php(40): CFilterChain->run()
#28 C:\xampp\htdocs\servicio\framework\web\CController.php(1145): CFilter->filter(Object(CFilterChain))
#29 C:\xampp\htdocs\servicio\framework\web\filters\CInlineFilter.php(58): CController->filterAccessControl(Object(CFilterChain))
#30 C:\xampp\htdocs\servicio\framework\web\filters\CFilterChain.php(130): CInlineFilter->filter(Object(CFilterChain))
#31 C:\xampp\htdocs\servicio\framework\web\CController.php(291): CFilterChain->run()
#32 C:\xampp\htdocs\servicio\framework\web\CController.php(265): CController->runActionWithFilters(Object(CInlineAction), Array)
#33 C:\xampp\htdocs\servicio\framework\web\CWebApplication.php(282): CController->run('')
#34 C:\xampp\htdocs\servicio\framework\web\CWebApplication.php(141): CWebApplication->runController('Visita')
#35 C:\xampp\htdocs\servicio\framework\base\CApplication.php(169): CWebApplication->processRequest()
#36 C:\xampp\htdocs\servicio\Servicio-master\index.php(13): CApplication->run()
#37 {main}
REQUEST_URI=/servicio/Servicio-master/Visita.html
HTTP_REFERER=http://localhost/servicio/Servicio-master/
---
2018/03/11 03:23:20 [error] [php] Object of class Relacion could not be converted to string (C:\xampp\htdocs\servicio\framework\zii\widgets\grid\CDataColumn.php:134)
Stack trace:
#0 C:\xampp\htdocs\servicio\framework\zii\widgets\grid\CGridView.php(545): CGridView->renderTableRow()
#1 C:\xampp\htdocs\servicio\framework\zii\widgets\grid\CGridView.php(455): CGridView->renderTableBody()
#2 C:\xampp\htdocs\servicio\framework\zii\widgets\CBaseListView.php(160): CGridView->renderItems()
#3 unknown(0): CGridView->renderSection()
#4 C:\xampp\htdocs\servicio\framework\zii\widgets\CBaseListView.php(143): preg_replace_callback()
#5 C:\xampp\htdocs\servicio\framework\zii\widgets\CBaseListView.php(128): CGridView->renderContent()
#6 C:\xampp\htdocs\servicio\framework\web\CBaseController.php(173): CGridView->run()
#7 C:\xampp\htdocs\servicio\Servicio-master\protected\views\visita\admin.php(28): VisitaController->widget()
#8 C:\xampp\htdocs\servicio\framework\web\CBaseController.php(126): require()
#9 C:\xampp\htdocs\servicio\framework\web\CBaseController.php(95): VisitaController->renderInternal()
#10 C:\xampp\htdocs\servicio\framework\web\CController.php(869): VisitaController->renderFile()
#11 C:\xampp\htdocs\servicio\framework\web\CController.php(782): VisitaController->renderPartial()
#12 C:\xampp\htdocs\servicio\Servicio-master\protected\controllers\VisitaController.php(109): VisitaController->render()
#13 C:\xampp\htdocs\servicio\framework\web\actions\CInlineAction.php(49): VisitaController->actionAdmin()
#14 C:\xampp\htdocs\servicio\framework\web\CController.php(308): CInlineAction->runWithParams()
#15 C:\xampp\htdocs\servicio\framework\web\filters\CFilterChain.php(133): VisitaController->runAction()
#16 C:\xampp\htdocs\servicio\framework\web\filters\CFilter.php(40): CFilterChain->run()
#17 C:\xampp\htdocs\servicio\framework\web\CController.php(1145): CAccessControlFilter->filter()
#18 C:\xampp\htdocs\servicio\framework\web\filters\CInlineFilter.php(58): VisitaController->filterAccessControl()
#19 C:\xampp\htdocs\servicio\framework\web\filters\CFilterChain.php(130): CInlineFilter->filter()
#20 C:\xampp\htdocs\servicio\framework\web\CController.php(291): CFilterChain->run()
#21 C:\xampp\htdocs\servicio\framework\web\CController.php(265): VisitaController->runActionWithFilters()
#22 C:\xampp\htdocs\servicio\framework\web\CWebApplication.php(282): VisitaController->run()
#23 C:\xampp\htdocs\servicio\framework\web\CWebApplication.php(141): CWebApplication->runController()
#24 C:\xampp\htdocs\servicio\framework\base\CApplication.php(169): CWebApplication->processRequest()
#25 C:\xampp\htdocs\servicio\Servicio-master\index.php(13): CWebApplication->run()
REQUEST_URI=/servicio/Servicio-master/Visita.html
in C:\xampp\htdocs\servicio\Servicio-master\protected\views\visita\admin.php (28)
in C:\xampp\htdocs\servicio\Servicio-master\protected\controllers\VisitaController.php (109)
in C:\xampp\htdocs\servicio\Servicio-master\index.php (13)
2018/03/11 03:24:54 [error] [php] Object of class Relacion could not be converted to string (C:\xampp\htdocs\servicio\Servicio-master\protected\views\visita\admin.php:42)
Stack trace:
#0 C:\xampp\htdocs\servicio\framework\zii\widgets\grid\CGridColumn.php(144): CDataColumn->renderDataCellContent()
#1 C:\xampp\htdocs\servicio\framework\zii\widgets\grid\CGridView.php(589): CDataColumn->renderDataCell()
#2 C:\xampp\htdocs\servicio\framework\zii\widgets\grid\CGridView.php(545): CGridView->renderTableRow()
#3 C:\xampp\htdocs\servicio\framework\zii\widgets\grid\CGridView.php(455): CGridView->renderTableBody()
#4 C:\xampp\htdocs\servicio\framework\zii\widgets\CBaseListView.php(160): CGridView->renderItems()
#5 unknown(0): CGridView->renderSection()
#6 C:\xampp\htdocs\servicio\framework\zii\widgets\CBaseListView.php(143): preg_replace_callback()
#7 C:\xampp\htdocs\servicio\framework\zii\widgets\CBaseListView.php(128): CGridView->renderContent()
#8 C:\xampp\htdocs\servicio\framework\web\CBaseController.php(173): CGridView->run()
#9 C:\xampp\htdocs\servicio\Servicio-master\protected\views\visita\admin.php(28): VisitaController->widget()
#10 C:\xampp\htdocs\servicio\framework\web\CBaseController.php(126): require()
#11 C:\xampp\htdocs\servicio\framework\web\CBaseController.php(95): VisitaController->renderInternal()
#12 C:\xampp\htdocs\servicio\framework\web\CController.php(869): VisitaController->renderFile()
#13 C:\xampp\htdocs\servicio\framework\web\CController.php(782): VisitaController->renderPartial()
#14 C:\xampp\htdocs\servicio\Servicio-master\protected\controllers\VisitaController.php(109): VisitaController->render()
#15 C:\xampp\htdocs\servicio\framework\web\actions\CInlineAction.php(49): VisitaController->actionAdmin()
#16 C:\xampp\htdocs\servicio\framework\web\CController.php(308): CInlineAction->runWithParams()
#17 C:\xampp\htdocs\servicio\framework\web\filters\CFilterChain.php(133): VisitaController->runAction()
#18 C:\xampp\htdocs\servicio\framework\web\filters\CFilter.php(40): CFilterChain->run()
#19 C:\xampp\htdocs\servicio\framework\web\CController.php(1145): CAccessControlFilter->filter()
#20 C:\xampp\htdocs\servicio\framework\web\filters\CInlineFilter.php(58): VisitaController->filterAccessControl()
#21 C:\xampp\htdocs\servicio\framework\web\filters\CFilterChain.php(130): CInlineFilter->filter()
#22 C:\xampp\htdocs\servicio\framework\web\CController.php(291): CFilterChain->run()
#23 C:\xampp\htdocs\servicio\framework\web\CController.php(265): VisitaController->runActionWithFilters()
#24 C:\xampp\htdocs\servicio\framework\web\CWebApplication.php(282): VisitaController->run()
#25 C:\xampp\htdocs\servicio\framework\web\CWebApplication.php(141): CWebApplication->runController()
#26 C:\xampp\htdocs\servicio\framework\base\CApplication.php(169): CWebApplication->processRequest()
#27 C:\xampp\htdocs\servicio\Servicio-master\index.php(13): CWebApplication->run()
REQUEST_URI=/servicio/Servicio-master/Visita.html
in C:\xampp\htdocs\servicio\Servicio-master\protected\views\visita\admin.php (42)
in C:\xampp\htdocs\servicio\Servicio-master\protected\views\visita\admin.php (28)
in C:\xampp\htdocs\servicio\Servicio-master\protected\controllers\VisitaController.php (109)
2018/03/11 03:28:18 [error] [php] Only variables should be passed by reference (C:\xampp\htdocs\servicio\Servicio-master\protected\views\visita\admin.php:43)
Stack trace:
#0 C:\xampp\htdocs\servicio\framework\zii\widgets\grid\CGridColumn.php(144): CDataColumn->renderDataCellContent()
#1 C:\xampp\htdocs\servicio\framework\zii\widgets\grid\CGridView.php(589): CDataColumn->renderDataCell()
#2 C:\xampp\htdocs\servicio\framework\zii\widgets\grid\CGridView.php(545): CGridView->renderTableRow()
#3 C:\xampp\htdocs\servicio\framework\zii\widgets\grid\CGridView.php(455): CGridView->renderTableBody()
#4 C:\xampp\htdocs\servicio\framework\zii\widgets\CBaseListView.php(160): CGridView->renderItems()
#5 unknown(0): CGridView->renderSection()
#6 C:\xampp\htdocs\servicio\framework\zii\widgets\CBaseListView.php(143): preg_replace_callback()
#7 C:\xampp\htdocs\servicio\framework\zii\widgets\CBaseListView.php(128): CGridView->renderContent()
#8 C:\xampp\htdocs\servicio\framework\web\CBaseController.php(173): CGridView->run()
#9 C:\xampp\htdocs\servicio\Servicio-master\protected\views\visita\admin.php(28): VisitaController->widget()
#10 C:\xampp\htdocs\servicio\framework\web\CBaseController.php(126): require()
#11 C:\xampp\htdocs\servicio\framework\web\CBaseController.php(95): VisitaController->renderInternal()
#12 C:\xampp\htdocs\servicio\framework\web\CController.php(869): VisitaController->renderFile()
#13 C:\xampp\htdocs\servicio\framework\web\CController.php(782): VisitaController->renderPartial()
#14 C:\xampp\htdocs\servicio\Servicio-master\protected\controllers\VisitaController.php(109): VisitaController->render()
#15 C:\xampp\htdocs\servicio\framework\web\actions\CInlineAction.php(49): VisitaController->actionAdmin()
#16 C:\xampp\htdocs\servicio\framework\web\CController.php(308): CInlineAction->runWithParams()
#17 C:\xampp\htdocs\servicio\framework\web\filters\CFilterChain.php(133): VisitaController->runAction()
#18 C:\xampp\htdocs\servicio\framework\web\filters\CFilter.php(40): CFilterChain->run()
#19 C:\xampp\htdocs\servicio\framework\web\CController.php(1145): CAccessControlFilter->filter()
#20 C:\xampp\htdocs\servicio\framework\web\filters\CInlineFilter.php(58): VisitaController->filterAccessControl()
#21 C:\xampp\htdocs\servicio\framework\web\filters\CFilterChain.php(130): CInlineFilter->filter()
#22 C:\xampp\htdocs\servicio\framework\web\CController.php(291): CFilterChain->run()
#23 C:\xampp\htdocs\servicio\framework\web\CController.php(265): VisitaController->runActionWithFilters()
#24 C:\xampp\htdocs\servicio\framework\web\CWebApplication.php(282): VisitaController->run()
#25 C:\xampp\htdocs\servicio\framework\web\CWebApplication.php(141): CWebApplication->runController()
#26 C:\xampp\htdocs\servicio\framework\base\CApplication.php(169): CWebApplication->processRequest()
#27 C:\xampp\htdocs\servicio\Servicio-master\index.php(13): CWebApplication->run()
REQUEST_URI=/servicio/Servicio-master/Visita.html
in C:\xampp\htdocs\servicio\Servicio-master\protected\views\visita\admin.php (43)
in C:\xampp\htdocs\servicio\Servicio-master\protected\views\visita\admin.php (28)
in C:\xampp\htdocs\servicio\Servicio-master\protected\controllers\VisitaController.php (109)
2018/03/11 03:29:21 [error] [php] Object of class Relacion could not be converted to string (C:\xampp\htdocs\servicio\Servicio-master\protected\views\visita\admin.php:43)
Stack trace:
#0 C:\xampp\htdocs\servicio\framework\zii\widgets\grid\CDataColumn.php(131): CDataColumn->evaluateExpression()
#1 C:\xampp\htdocs\servicio\framework\zii\widgets\grid\CGridColumn.php(144): CDataColumn->renderDataCellContent()
#2 C:\xampp\htdocs\servicio\framework\zii\widgets\grid\CGridView.php(589): CDataColumn->renderDataCell()
#3 C:\xampp\htdocs\servicio\framework\zii\widgets\grid\CGridView.php(545): CGridView->renderTableRow()
#4 C:\xampp\htdocs\servicio\framework\zii\widgets\grid\CGridView.php(455): CGridView->renderTableBody()
#5 C:\xampp\htdocs\servicio\framework\zii\widgets\CBaseListView.php(160): CGridView->renderItems()
#6 unknown(0): CGridView->renderSection()
#7 C:\xampp\htdocs\servicio\framework\zii\widgets\CBaseListView.php(143): preg_replace_callback()
#8 C:\xampp\htdocs\servicio\framework\zii\widgets\CBaseListView.php(128): CGridView->renderContent()
#9 C:\xampp\htdocs\servicio\framework\web\CBaseController.php(173): CGridView->run()
#10 C:\xampp\htdocs\servicio\Servicio-master\protected\views\visita\admin.php(28): VisitaController->widget()
#11 C:\xampp\htdocs\servicio\framework\web\CBaseController.php(126): require()
#12 C:\xampp\htdocs\servicio\framework\web\CBaseController.php(95): VisitaController->renderInternal()
#13 C:\xampp\htdocs\servicio\framework\web\CController.php(869): VisitaController->renderFile()
#14 C:\xampp\htdocs\servicio\framework\web\CController.php(782): VisitaController->renderPartial()
#15 C:\xampp\htdocs\servicio\Servicio-master\protected\controllers\VisitaController.php(109): VisitaController->render()
#16 C:\xampp\htdocs\servicio\framework\web\actions\CInlineAction.php(49): VisitaController->actionAdmin()
#17 C:\xampp\htdocs\servicio\framework\web\CController.php(308): CInlineAction->runWithParams()
#18 C:\xampp\htdocs\servicio\framework\web\filters\CFilterChain.php(133): VisitaController->runAction()
#19 C:\xampp\htdocs\servicio\framework\web\filters\CFilter.php(40): CFilterChain->run()
#20 C:\xampp\htdocs\servicio\framework\web\CController.php(1145): CAccessControlFilter->filter()
#21 C:\xampp\htdocs\servicio\framework\web\filters\CInlineFilter.php(58): VisitaController->filterAccessControl()
#22 C:\xampp\htdocs\servicio\framework\web\filters\CFilterChain.php(130): CInlineFilter->filter()
#23 C:\xampp\htdocs\servicio\framework\web\CController.php(291): CFilterChain->run()
#24 C:\xampp\htdocs\servicio\framework\web\CController.php(265): VisitaController->runActionWithFilters()
#25 C:\xampp\htdocs\servicio\framework\web\CWebApplication.php(282): VisitaController->run()
#26 C:\xampp\htdocs\servicio\framework\web\CWebApplication.php(141): CWebApplication->runController()
#27 C:\xampp\htdocs\servicio\framework\base\CApplication.php(169): CWebApplication->processRequest()
#28 C:\xampp\htdocs\servicio\Servicio-master\index.php(13): CWebApplication->run()
REQUEST_URI=/servicio/Servicio-master/Visita.html
in C:\xampp\htdocs\servicio\Servicio-master\protected\views\visita\admin.php (43)
in C:\xampp\htdocs\servicio\Servicio-master\protected\views\visita\admin.php (28)
in C:\xampp\htdocs\servicio\Servicio-master\protected\controllers\VisitaController.php (109)
2018/03/11 03:29:46 [error] [php] Object of class Relacion could not be converted to string (C:\xampp\htdocs\servicio\Servicio-master\protected\views\visita\admin.php:42)
Stack trace:
#0 C:\xampp\htdocs\servicio\framework\zii\widgets\grid\CGridColumn.php(144): CDataColumn->renderDataCellContent()
#1 C:\xampp\htdocs\servicio\framework\zii\widgets\grid\CGridView.php(589): CDataColumn->renderDataCell()
#2 C:\xampp\htdocs\servicio\framework\zii\widgets\grid\CGridView.php(545): CGridView->renderTableRow()
#3 C:\xampp\htdocs\servicio\framework\zii\widgets\grid\CGridView.php(455): CGridView->renderTableBody()
#4 C:\xampp\htdocs\servicio\framework\zii\widgets\CBaseListView.php(160): CGridView->renderItems()
#5 unknown(0): CGridView->renderSection()
#6 C:\xampp\htdocs\servicio\framework\zii\widgets\CBaseListView.php(143): preg_replace_callback()
#7 C:\xampp\htdocs\servicio\framework\zii\widgets\CBaseListView.php(128): CGridView->renderContent()
#8 C:\xampp\htdocs\servicio\framework\web\CBaseController.php(173): CGridView->run()
#9 C:\xampp\htdocs\servicio\Servicio-master\protected\views\visita\admin.php(28): VisitaController->widget()
#10 C:\xampp\htdocs\servicio\framework\web\CBaseController.php(126): require()
#11 C:\xampp\htdocs\servicio\framework\web\CBaseController.php(95): VisitaController->renderInternal()
#12 C:\xampp\htdocs\servicio\framework\web\CController.php(869): VisitaController->renderFile()
#13 C:\xampp\htdocs\servicio\framework\web\CController.php(782): VisitaController->renderPartial()
#14 C:\xampp\htdocs\servicio\Servicio-master\protected\controllers\VisitaController.php(109): VisitaController->render()
#15 C:\xampp\htdocs\servicio\framework\web\actions\CInlineAction.php(49): VisitaController->actionAdmin()
#16 C:\xampp\htdocs\servicio\framework\web\CController.php(308): CInlineAction->runWithParams()
#17 C:\xampp\htdocs\servicio\framework\web\filters\CFilterChain.php(133): VisitaController->runAction()
#18 C:\xampp\htdocs\servicio\framework\web\filters\CFilter.php(40): CFilterChain->run()
#19 C:\xampp\htdocs\servicio\framework\web\CController.php(1145): CAccessControlFilter->filter()
#20 C:\xampp\htdocs\servicio\framework\web\filters\CInlineFilter.php(58): VisitaController->filterAccessControl()
#21 C:\xampp\htdocs\servicio\framework\web\filters\CFilterChain.php(130): CInlineFilter->filter()
#22 C:\xampp\htdocs\servicio\framework\web\CController.php(291): CFilterChain->run()
#23 C:\xampp\htdocs\servicio\framework\web\CController.php(265): VisitaController->runActionWithFilters()
#24 C:\xampp\htdocs\servicio\framework\web\CWebApplication.php(282): VisitaController->run()
#25 C:\xampp\htdocs\servicio\framework\web\CWebApplication.php(141): CWebApplication->runController()
#26 C:\xampp\htdocs\servicio\framework\base\CApplication.php(169): CWebApplication->processRequest()
#27 C:\xampp\htdocs\servicio\Servicio-master\index.php(13): CWebApplication->run()
REQUEST_URI=/servicio/Servicio-master/Visita.html
in C:\xampp\htdocs\servicio\Servicio-master\protected\views\visita\admin.php (42)
in C:\xampp\htdocs\servicio\Servicio-master\protected\views\visita\admin.php (28)
in C:\xampp\htdocs\servicio\Servicio-master\protected\controllers\VisitaController.php (109)
2018/03/11 03:47:52 [error] [php] Object of class Relacion could not be converted to string (C:\xampp\htdocs\servicio\Servicio-master\protected\views\visita\admin.php:42)
Stack trace:
#0 C:\xampp\htdocs\servicio\framework\zii\widgets\grid\CDataColumn.php(131): CDataColumn->evaluateExpression()
#1 C:\xampp\htdocs\servicio\framework\zii\widgets\grid\CGridColumn.php(144): CDataColumn->renderDataCellContent()
#2 C:\xampp\htdocs\servicio\framework\zii\widgets\grid\CGridView.php(589): CDataColumn->renderDataCell()
#3 C:\xampp\htdocs\servicio\framework\zii\widgets\grid\CGridView.php(545): CGridView->renderTableRow()
#4 C:\xampp\htdocs\servicio\framework\zii\widgets\grid\CGridView.php(455): CGridView->renderTableBody()
#5 C:\xampp\htdocs\servicio\framework\zii\widgets\CBaseListView.php(160): CGridView->renderItems()
#6 unknown(0): CGridView->renderSection()
#7 C:\xampp\htdocs\servicio\framework\zii\widgets\CBaseListView.php(143): preg_replace_callback()
#8 C:\xampp\htdocs\servicio\framework\zii\widgets\CBaseListView.php(128): CGridView->renderContent()
#9 C:\xampp\htdocs\servicio\framework\web\CBaseController.php(173): CGridView->run()
#10 C:\xampp\htdocs\servicio\Servicio-master\protected\views\visita\admin.php(28): VisitaController->widget()
#11 C:\xampp\htdocs\servicio\framework\web\CBaseController.php(126): require()
#12 C:\xampp\htdocs\servicio\framework\web\CBaseController.php(95): VisitaController->renderInternal()
#13 C:\xampp\htdocs\servicio\framework\web\CController.php(869): VisitaController->renderFile()
#14 C:\xampp\htdocs\servicio\framework\web\CController.php(782): VisitaController->renderPartial()
#15 C:\xampp\htdocs\servicio\Servicio-master\protected\controllers\VisitaController.php(109): VisitaController->render()
#16 C:\xampp\htdocs\servicio\framework\web\actions\CInlineAction.php(49): VisitaController->actionAdmin()
#17 C:\xampp\htdocs\servicio\framework\web\CController.php(308): CInlineAction->runWithParams()
#18 C:\xampp\htdocs\servicio\framework\web\filters\CFilterChain.php(133): VisitaController->runAction()
#19 C:\xampp\htdocs\servicio\framework\web\filters\CFilter.php(40): CFilterChain->run()
#20 C:\xampp\htdocs\servicio\framework\web\CController.php(1145): CAccessControlFilter->filter()
#21 C:\xampp\htdocs\servicio\framework\web\filters\CInlineFilter.php(58): VisitaController->filterAccessControl()
#22 C:\xampp\htdocs\servicio\framework\web\filters\CFilterChain.php(130): CInlineFilter->filter()
#23 C:\xampp\htdocs\servicio\framework\web\CController.php(291): CFilterChain->run()
#24 C:\xampp\htdocs\servicio\framework\web\CController.php(265): VisitaController->runActionWithFilters()
#25 C:\xampp\htdocs\servicio\framework\web\CWebApplication.php(282): VisitaController->run()
#26 C:\xampp\htdocs\servicio\framework\web\CWebApplication.php(141): CWebApplication->runController()
#27 C:\xampp\htdocs\servicio\framework\base\CApplication.php(169): CWebApplication->processRequest()
#28 C:\xampp\htdocs\servicio\Servicio-master\index.php(13): CWebApplication->run()
REQUEST_URI=/servicio/Servicio-master/Visita.html
in C:\xampp\htdocs\servicio\Servicio-master\protected\views\visita\admin.php (42)
in C:\xampp\htdocs\servicio\Servicio-master\protected\views\visita\admin.php (28)
in C:\xampp\htdocs\servicio\Servicio-master\protected\controllers\VisitaController.php (109)
2018/03/11 03:50:35 [error] [exception.Error] Error: Call to undefined function ToString() in C:\xampp\htdocs\servicio\Servicio-master\protected\views\visita\admin.php:42
Stack trace:
#0 C:\xampp\htdocs\servicio\framework\base\CComponent.php(611): CBaseController->{closure}(Object(Visita), 0, Object(CDataColumn))
#1 C:\xampp\htdocs\servicio\framework\zii\widgets\grid\CDataColumn.php(131): CComponent->evaluateExpression(Object(Closure), Array)
#2 C:\xampp\htdocs\servicio\framework\zii\widgets\grid\CGridColumn.php(144): CDataColumn->renderDataCellContent(0, Object(Visita))
#3 C:\xampp\htdocs\servicio\framework\zii\widgets\grid\CGridView.php(589): CGridColumn->renderDataCell(0)
#4 C:\xampp\htdocs\servicio\framework\zii\widgets\grid\CGridView.php(545): CGridView->renderTableRow(0)
#5 C:\xampp\htdocs\servicio\framework\zii\widgets\grid\CGridView.php(455): CGridView->renderTableBody()
#6 C:\xampp\htdocs\servicio\framework\zii\widgets\CBaseListView.php(160): CGridView->renderItems()
#7 [internal function]: CBaseListView->renderSection(Array)
#8 C:\xampp\htdocs\servicio\framework\zii\widgets\CBaseListView.php(143): preg_replace_callback('/{(\\w+)}/', Array, '{summary}\n{item...')
#9 C:\xampp\htdocs\servicio\framework\zii\widgets\CBaseListView.php(128): CBaseListView->renderContent()
#10 C:\xampp\htdocs\servicio\framework\web\CBaseController.php(173): CBaseListView->run()
#11 C:\xampp\htdocs\servicio\Servicio-master\protected\views\visita\admin.php(28): CBaseController->widget('zii.widgets.gri...', Array)
#12 C:\xampp\htdocs\servicio\framework\web\CBaseController.php(126): require('C:\\xampp\\htdocs...')
#13 C:\xampp\htdocs\servicio\framework\web\CBaseController.php(95): CBaseController->renderInternal('C:\\xampp\\htdocs...', Array, true)
#14 C:\xampp\htdocs\servicio\framework\web\CController.php(869): CBaseController->renderFile('C:\\xampp\\htdocs...', Array, true)
#15 C:\xampp\htdocs\servicio\framework\web\CController.php(782): CController->renderPartial('admin', Array, true)
#16 C:\xampp\htdocs\servicio\Servicio-master\protected\controllers\VisitaController.php(109): CController->render('admin', Array)
#17 C:\xampp\htdocs\servicio\framework\web\actions\CInlineAction.php(49): VisitaController->actionAdmin()
#18 C:\xampp\htdocs\servicio\framework\web\CController.php(308): CInlineAction->runWithParams(Array)
#19 C:\xampp\htdocs\servicio\framework\web\filters\CFilterChain.php(133): CController->runAction(Object(CInlineAction))
#20 C:\xampp\htdocs\servicio\framework\web\filters\CFilter.php(40): CFilterChain->run()
#21 C:\xampp\htdocs\servicio\framework\web\CController.php(1145): CFilter->filter(Object(CFilterChain))
#22 C:\xampp\htdocs\servicio\framework\web\filters\CInlineFilter.php(58): CController->filterAccessControl(Object(CFilterChain))
#23 C:\xampp\htdocs\servicio\framework\web\filters\CFilterChain.php(130): CInlineFilter->filter(Object(CFilterChain))
#24 C:\xampp\htdocs\servicio\framework\web\CController.php(291): CFilterChain->run()
#25 C:\xampp\htdocs\servicio\framework\web\CController.php(265): CController->runActionWithFilters(Object(CInlineAction), Array)
#26 C:\xampp\htdocs\servicio\framework\web\CWebApplication.php(282): CController->run('')
#27 C:\xampp\htdocs\servicio\framework\web\CWebApplication.php(141): CWebApplication->runController('Visita')
#28 C:\xampp\htdocs\servicio\framework\base\CApplication.php(169): CWebApplication->processRequest()
#29 C:\xampp\htdocs\servicio\Servicio-master\index.php(13): CApplication->run()
#30 {main}
REQUEST_URI=/servicio/Servicio-master/Visita.html
HTTP_REFERER=http://localhost/servicio/Servicio-master/
---
2018/03/11 04:08:11 [error] [exception.Error] Error: Call to undefined function ToString() in C:\xampp\htdocs\servicio\Servicio-master\protected\views\visita\admin.php:42
Stack trace:
#0 C:\xampp\htdocs\servicio\framework\base\CComponent.php(611): CBaseController->{closure}(Object(Visita), 0, Object(CDataColumn))
#1 C:\xampp\htdocs\servicio\framework\zii\widgets\grid\CDataColumn.php(131): CComponent->evaluateExpression(Object(Closure), Array)
#2 C:\xampp\htdocs\servicio\framework\zii\widgets\grid\CGridColumn.php(144): CDataColumn->renderDataCellContent(0, Object(Visita))
#3 C:\xampp\htdocs\servicio\framework\zii\widgets\grid\CGridView.php(589): CGridColumn->renderDataCell(0)
#4 C:\xampp\htdocs\servicio\framework\zii\widgets\grid\CGridView.php(545): CGridView->renderTableRow(0)
#5 C:\xampp\htdocs\servicio\framework\zii\widgets\grid\CGridView.php(455): CGridView->renderTableBody()
#6 C:\xampp\htdocs\servicio\framework\zii\widgets\CBaseListView.php(160): CGridView->renderItems()
#7 [internal function]: CBaseListView->renderSection(Array)
#8 C:\xampp\htdocs\servicio\framework\zii\widgets\CBaseListView.php(143): preg_replace_callback('/{(\\w+)}/', Array, '{summary}\n{item...')
#9 C:\xampp\htdocs\servicio\framework\zii\widgets\CBaseListView.php(128): CBaseListView->renderContent()
#10 C:\xampp\htdocs\servicio\framework\web\CBaseController.php(173): CBaseListView->run()
#11 C:\xampp\htdocs\servicio\Servicio-master\protected\views\visita\admin.php(28): CBaseController->widget('zii.widgets.gri...', Array)
#12 C:\xampp\htdocs\servicio\framework\web\CBaseController.php(126): require('C:\\xampp\\htdocs...')
#13 C:\xampp\htdocs\servicio\framework\web\CBaseController.php(95): CBaseController->renderInternal('C:\\xampp\\htdocs...', Array, true)
#14 C:\xampp\htdocs\servicio\framework\web\CController.php(869): CBaseController->renderFile('C:\\xampp\\htdocs...', Array, true)
#15 C:\xampp\htdocs\servicio\framework\web\CController.php(782): CController->renderPartial('admin', Array, true)
#16 C:\xampp\htdocs\servicio\Servicio-master\protected\controllers\VisitaController.php(109): CController->render('admin', Array)
#17 C:\xampp\htdocs\servicio\framework\web\actions\CInlineAction.php(49): VisitaController->actionAdmin()
#18 C:\xampp\htdocs\servicio\framework\web\CController.php(308): CInlineAction->runWithParams(Array)
#19 C:\xampp\htdocs\servicio\framework\web\filters\CFilterChain.php(133): CController->runAction(Object(CInlineAction))
#20 C:\xampp\htdocs\servicio\framework\web\filters\CFilter.php(40): CFilterChain->run()
#21 C:\xampp\htdocs\servicio\framework\web\CController.php(1145): CFilter->filter(Object(CFilterChain))
#22 C:\xampp\htdocs\servicio\framework\web\filters\CInlineFilter.php(58): CController->filterAccessControl(Object(CFilterChain))
#23 C:\xampp\htdocs\servicio\framework\web\filters\CFilterChain.php(130): CInlineFilter->filter(Object(CFilterChain))
#24 C:\xampp\htdocs\servicio\framework\web\CController.php(291): CFilterChain->run()
#25 C:\xampp\htdocs\servicio\framework\web\CController.php(265): CController->runActionWithFilters(Object(CInlineAction), Array)
#26 C:\xampp\htdocs\servicio\framework\web\CWebApplication.php(282): CController->run('')
#27 C:\xampp\htdocs\servicio\framework\web\CWebApplication.php(141): CWebApplication->runController('Visita')
#28 C:\xampp\htdocs\servicio\framework\base\CApplication.php(169): CWebApplication->processRequest()
#29 C:\xampp\htdocs\servicio\Servicio-master\index.php(13): CApplication->run()
#30 {main}
REQUEST_URI=/servicio/Servicio-master/Visita.html
HTTP_REFERER=http://localhost/servicio/Servicio-master/
---
2018/03/11 04:08:39 [error] [php] Object of class Relacion could not be converted to string (C:\xampp\htdocs\servicio\framework\zii\widgets\grid\CDataColumn.php:134)
Stack trace:
#0 C:\xampp\htdocs\servicio\framework\zii\widgets\grid\CGridView.php(545): CGridView->renderTableRow()
#1 C:\xampp\htdocs\servicio\framework\zii\widgets\grid\CGridView.php(455): CGridView->renderTableBody()
#2 C:\xampp\htdocs\servicio\framework\zii\widgets\CBaseListView.php(160): CGridView->renderItems()
#3 unknown(0): CGridView->renderSection()
#4 C:\xampp\htdocs\servicio\framework\zii\widgets\CBaseListView.php(143): preg_replace_callback()
#5 C:\xampp\htdocs\servicio\framework\zii\widgets\CBaseListView.php(128): CGridView->renderContent()
#6 C:\xampp\htdocs\servicio\framework\web\CBaseController.php(173): CGridView->run()
#7 C:\xampp\htdocs\servicio\Servicio-master\protected\views\visita\admin.php(28): VisitaController->widget()
#8 C:\xampp\htdocs\servicio\framework\web\CBaseController.php(126): require()
#9 C:\xampp\htdocs\servicio\framework\web\CBaseController.php(95): VisitaController->renderInternal()
#10 C:\xampp\htdocs\servicio\framework\web\CController.php(869): VisitaController->renderFile()
#11 C:\xampp\htdocs\servicio\framework\web\CController.php(782): VisitaController->renderPartial()
#12 C:\xampp\htdocs\servicio\Servicio-master\protected\controllers\VisitaController.php(109): VisitaController->render()
#13 C:\xampp\htdocs\servicio\framework\web\actions\CInlineAction.php(49): VisitaController->actionAdmin()
#14 C:\xampp\htdocs\servicio\framework\web\CController.php(308): CInlineAction->runWithParams()
#15 C:\xampp\htdocs\servicio\framework\web\filters\CFilterChain.php(133): VisitaController->runAction()
#16 C:\xampp\htdocs\servicio\framework\web\filters\CFilter.php(40): CFilterChain->run()
#17 C:\xampp\htdocs\servicio\framework\web\CController.php(1145): CAccessControlFilter->filter()
#18 C:\xampp\htdocs\servicio\framework\web\filters\CInlineFilter.php(58): VisitaController->filterAccessControl()
#19 C:\xampp\htdocs\servicio\framework\web\filters\CFilterChain.php(130): CInlineFilter->filter()
#20 C:\xampp\htdocs\servicio\framework\web\CController.php(291): CFilterChain->run()
#21 C:\xampp\htdocs\servicio\framework\web\CController.php(265): VisitaController->runActionWithFilters()
#22 C:\xampp\htdocs\servicio\framework\web\CWebApplication.php(282): VisitaController->run()
#23 C:\xampp\htdocs\servicio\framework\web\CWebApplication.php(141): CWebApplication->runController()
#24 C:\xampp\htdocs\servicio\framework\base\CApplication.php(169): CWebApplication->processRequest()
#25 C:\xampp\htdocs\servicio\Servicio-master\index.php(13): CWebApplication->run()
REQUEST_URI=/servicio/Servicio-master/Visita.html
in C:\xampp\htdocs\servicio\Servicio-master\protected\views\visita\admin.php (28)
in C:\xampp\htdocs\servicio\Servicio-master\protected\controllers\VisitaController.php (109)
in C:\xampp\htdocs\servicio\Servicio-master\index.php (13)
2018/03/11 10:31:42 [error] [exception.Error] Error: Call to a member function getMenuRelacion() on array in C:\xampp\htdocs\servicio\Servicio-master\protected\views\visita\reporteView.php:20
Stack trace:
#0 C:\xampp\htdocs\servicio\framework\web\CBaseController.php(126): require()
#1 C:\xampp\htdocs\servicio\framework\web\CBaseController.php(95): CBaseController->renderInternal('C:\\xampp\\htdocs...', Array, true)
#2 C:\xampp\htdocs\servicio\framework\web\CController.php(869): CBaseController->renderFile('C:\\xampp\\htdocs...', Array, true)
#3 C:\xampp\htdocs\servicio\Servicio-master\protected\controllers\VisitaController.php(219): CController->renderPartial('reporteView', Array, true)
#4 C:\xampp\htdocs\servicio\framework\web\actions\CInlineAction.php(49): VisitaController->actionReporte()
#5 C:\xampp\htdocs\servicio\framework\web\CController.php(308): CInlineAction->runWithParams(Array)
#6 C:\xampp\htdocs\servicio\framework\web\filters\CFilterChain.php(133): CController->runAction(Object(CInlineAction))
#7 C:\xampp\htdocs\servicio\framework\web\filters\CFilter.php(40): CFilterChain->run()
#8 C:\xampp\htdocs\servicio\framework\web\CController.php(1145): CFilter->filter(Object(CFilterChain))
#9 C:\xampp\htdocs\servicio\framework\web\filters\CInlineFilter.php(58): CController->filterAccessControl(Object(CFilterChain))
#10 C:\xampp\htdocs\servicio\framework\web\filters\CFilterChain.php(130): CInlineFilter->filter(Object(CFilterChain))
#11 C:\xampp\htdocs\servicio\framework\web\CController.php(291): CFilterChain->run()
#12 C:\xampp\htdocs\servicio\framework\web\CController.php(265): CController->runActionWithFilters(Object(CInlineAction), Array)
#13 C:\xampp\htdocs\servicio\framework\web\CWebApplication.php(282): CController->run('reporte')
#14 C:\xampp\htdocs\servicio\framework\web\CWebApplication.php(141): CWebApplication->runController('visita/reporte')
#15 C:\xampp\htdocs\servicio\framework\base\CApplication.php(169): CWebApplication->processRequest()
#16 C:\xampp\htdocs\servicio\Servicio-master\index.php(13): CApplication->run()
#17 {main}
REQUEST_URI=/servicio/Servicio-master/visita/reporte.html
HTTP_REFERER=http://localhost/servicio/Servicio-master/visita/admin.html?reporte=1
---
